INFO [04-18|19:02:50.283] Maximum peer count                       total=50
INFO [04-18|19:02:50.283] Smartcard socket not found, disabling    err="stat /run/pcscd/pcscd.comm: no such file or directory"
INFO [04-18|19:02:50.567] Genesis is already written               name=v id=13337 genesis=0x1a1de83ea5dbc0ab2e0df3b0dabf418043a561f13fcf8ef8c8b15d23e0a24cf7
INFO [04-18|19:02:51.446] Unlocked validator key                   pubkey=0xc0048d505c351f4837cec72bce6f4254f5e4bc3f2c9a4816841db64319eee8b714ef9173fbf66d039b782624713791840846b2788d4b65a425adeba85a4b57efe0cd
INFO [04-18|19:02:51.447] Loaded local transaction journal         transactions=0 dropped=0
INFO [04-18|19:02:51.447] Regenerated local transaction journal    transactions=0 accounts=0
INFO [04-18|19:02:51.448] Starting peer-to-peer node               instance=go-opera/v1.1.2-rc.3-e529a4e7-1669028682/linux-amd64/go1.18.1
INFO [04-18|19:02:51.472] Mapped network port                      proto=tcp extport=5050 intport=5050 interface=ExtIP(127.0.0.1)
INFO [04-18|19:02:51.535] Mapped network port                      proto=udp extport=5050 intport=5050 interface=ExtIP(127.0.0.1)
INFO [04-18|19:02:51.537] New local node record                    seq=29 id=9adaf8ccb828bba3 ip=127.0.0.1 udp=5050 tcp=5050
INFO [04-18|19:02:51.537] Started P2P networking                   self=enode://895d0b946be44ed4087f86095271b662f7b7e2664b1cce34be04ad7b25de5cc6a9d5055f0e4dd8a2beb89af7e24446f111244736d2fc3e64c731eee2c0a899a6@127.0.0.1:5050
INFO [04-18|19:02:51.537] IPC endpoint opened                      url=/home/urick0s/projects/work/go-opera/build/datadir0/opera.ipc
INFO [04-18|19:02:51.538] EVM snapshot                             module=gossip-store at=00893f..bbb7f1 generating=false
INFO [04-18|19:02:51.538] Start/Switch to fullsync mode...         module=PM
WARN [04-18|19:04:08.219] Served eth_protocolVersion               reqid=15 t="47.611µs" err="the method eth_protocolVersion does not exist/is not available"
WARN [04-18|19:04:08.229] Served eth_protocolVersion               reqid=25 t="19.034µs" err="the method eth_protocolVersion does not exist/is not available"
INFO [04-18|19:08:44.565] Got interrupt, shutting down... 
INFO [04-18|19:08:44.565] IPC endpoint closed                      url=/home/urick0s/projects/work/go-opera/build/datadir0/opera.ipc
INFO [04-18|19:08:44.565] Stopping Fantom protocol 
INFO [04-18|19:08:44.566] Fantom protocol stopped 
INFO [04-18|19:08:44.567] Looking for peers                        peercount=0 tried=0 static=0
INFO [04-18|19:08:44.567] Fantom service stopped 
