INFO [05-10|15:17:41.038] Maximum peer count                       total=50
INFO [05-10|15:17:41.038] Smartcard socket not found, disabling    err="stat /run/pcscd/pcscd.comm: no such file or directory"
INFO [05-10|15:17:41.440] Genesis is already written               name=v id=13337 genesis=0x1a1de83ea5dbc0ab2e0df3b0dabf418043a561f13fcf8ef8c8b15d23e0a24cf7
INFO [05-10|15:17:42.306] Unlocked validator key                   pubkey=0xc0048d505c351f4837cec72bce6f4254f5e4bc3f2c9a4816841db64319eee8b714ef9173fbf66d039b782624713791840846b2788d4b65a425adeba85a4b57efe0cd
INFO [05-10|15:17:42.307] Loaded local transaction journal         transactions=0 dropped=0
INFO [05-10|15:17:42.307] Regenerated local transaction journal    transactions=0 accounts=0
INFO [05-10|15:17:42.307] Starting peer-to-peer node               instance=go-opera/v1.1.2-rc.3-e529a4e7-1669028682/linux-amd64/go1.18.1
INFO [05-10|15:17:42.386] New local node record                    seq=38 id=9adaf8ccb828bba3 ip=127.0.0.1 udp=5050 tcp=5050
INFO [05-10|15:17:42.386] Started P2P networking                   self=enode://895d0b946be44ed4087f86095271b662f7b7e2664b1cce34be04ad7b25de5cc6a9d5055f0e4dd8a2beb89af7e24446f111244736d2fc3e64c731eee2c0a899a6@127.0.0.1:5050
INFO [05-10|15:17:42.387] IPC endpoint opened                      url=/home/urick0s/projects/work/go-opera/build/d0/opera.ipc
INFO [05-10|15:17:42.387] HTTP server started                      endpoint=127.0.0.1:18545 prefix= cors=* vhosts=localhost
INFO [05-10|15:17:42.387] WebSocket enabled                        url=ws://127.0.0.1:18546
INFO [05-10|15:17:42.388] EVM snapshot                             module=gossip-store at=00893f..bbb7f1 generating=false
INFO [05-10|15:17:42.388] Start/Switch to fullsync mode...         module=PM
INFO [05-10|16:01:27.775] Got interrupt, shutting down... 
INFO [05-10|16:01:27.777] HTTP server stopped                      endpoint=127.0.0.1:18545
INFO [05-10|16:01:27.779] HTTP server stopped                      endpoint=127.0.0.1:18546
INFO [05-10|16:01:27.780] IPC endpoint closed                      url=/home/urick0s/projects/work/go-opera/build/d0/opera.ipc
INFO [05-10|16:01:27.780] Stopping Fantom protocol 
INFO [05-10|16:01:27.780] Fantom protocol stopped 
INFO [05-10|16:01:27.780] Fantom service stopped 
INFO [05-10|16:01:35.605] Maximum peer count                       total=50
INFO [05-10|16:01:35.605] Smartcard socket not found, disabling    err="stat /run/pcscd/pcscd.comm: no such file or directory"
INFO [05-10|16:01:35.813] Genesis is already written               name=v id=13337 genesis=0x1a1de83ea5dbc0ab2e0df3b0dabf418043a561f13fcf8ef8c8b15d23e0a24cf7
INFO [05-10|16:01:36.531] Unlocked validator key                   pubkey=0xc0048d505c351f4837cec72bce6f4254f5e4bc3f2c9a4816841db64319eee8b714ef9173fbf66d039b782624713791840846b2788d4b65a425adeba85a4b57efe0cd
INFO [05-10|16:01:36.531] Loaded local transaction journal         transactions=0 dropped=0
INFO [05-10|16:01:36.531] Regenerated local transaction journal    transactions=0 accounts=0
INFO [05-10|16:01:36.532] Starting peer-to-peer node               instance=go-opera/v1.1.2-rc.3-e529a4e7-1669028682/linux-amd64/go1.18.1
INFO [05-10|16:01:36.609] New local node record                    seq=39 id=9adaf8ccb828bba3 ip=127.0.0.1 udp=5050 tcp=5050
INFO [05-10|16:01:36.610] Started P2P networking                   self=enode://895d0b946be44ed4087f86095271b662f7b7e2664b1cce34be04ad7b25de5cc6a9d5055f0e4dd8a2beb89af7e24446f111244736d2fc3e64c731eee2c0a899a6@127.0.0.1:5050
INFO [05-10|16:01:36.611] IPC endpoint opened                      url=/home/urick0s/projects/work/go-opera/build/d0/opera.ipc
INFO [05-10|16:01:36.611] HTTP server started                      endpoint=127.0.0.1:18545 prefix= cors=* vhosts=localhost
INFO [05-10|16:01:36.611] WebSocket enabled                        url=ws://127.0.0.1:18546
INFO [05-10|16:01:36.611] EVM snapshot                             module=gossip-store at=00893f..bbb7f1 generating=false
INFO [05-10|16:01:36.611] Start/Switch to fullsync mode...         module=PM
INFO [05-10|16:01:36.623] Emitting is paused                       reason="no connections"
INFO [05-10|16:01:43.627] Emitting is paused                       reason="no connections"
INFO [05-10|16:01:50.628] Emitting is paused                       reason="no connections"
INFO [05-10|16:01:57.638] Emitting is paused                       reason="no connections"
INFO [05-10|16:02:04.648] Emitting is paused                       reason="no connections"
INFO [05-10|16:02:11.658] Emitting is paused                       reason="no connections"
INFO [05-10|16:02:18.660] Emitting is paused                       reason="no connections"
INFO [05-10|16:02:25.671] Emitting is paused                       reason="no connections"
INFO [05-10|16:02:32.676] Emitting is paused                       reason="no connections"
INFO [05-10|16:02:39.680] Emitting is paused                       reason="no connections"
INFO [05-10|16:02:46.684] Emitting is paused                       reason="no connections"
INFO [05-10|16:02:53.691] Emitting is paused                       reason="no connections"
INFO [05-10|16:03:00.696] Emitting is paused                       reason="no connections"
INFO [05-10|16:03:07.700] Emitting is paused                       reason="no connections"
INFO [05-10|16:03:14.702] Emitting is paused                       reason="no connections"
INFO [05-10|16:03:21.709] Emitting is paused                       reason="recently connected" wait=29m17.08364324s
INFO [05-10|16:03:28.719] Emitting is paused                       reason="recently connected" wait=29m10.07349426s
INFO [05-10|16:03:35.727] Emitting is paused                       reason="recently connected" wait=29m3.06629359s
INFO [05-10|16:03:42.733] Emitting is paused                       reason="recently connected" wait=28m56.059798752s
INFO [05-10|16:03:49.738] Emitting is paused                       reason="recently connected" wait=28m49.054969465s
INFO [05-10|16:03:56.246] Looking for peers                        peercount=1 tried=1 static=1
INFO [05-10|16:03:56.746] Emitting is paused                       reason="recently connected" wait=28m42.046993079s
INFO [05-10|16:04:03.749] Emitting is paused                       reason="recently connected" wait=28m35.04363594s
INFO [05-10|16:04:10.750] Emitting is paused                       reason="recently connected" wait=28m28.043167827s
INFO [05-10|16:04:17.755] Emitting is paused                       reason="recently connected" wait=28m21.03807316s
INFO [05-10|16:04:24.758] Emitting is paused                       reason="recently connected" wait=28m14.035152248s
INFO [05-10|16:04:31.767] Emitting is paused                       reason="recently connected" wait=28m7.025464725s
INFO [05-10|16:04:38.777] Emitting is paused                       reason="recently connected" wait=28m0.01545728s
INFO [05-10|16:04:45.787] Emitting is paused                       reason="recently connected" wait=27m53.00600946s
INFO [05-10|16:04:52.790] Emitting is paused                       reason="recently connected" wait=27m46.002746241s
INFO [05-10|16:04:59.797] Emitting is paused                       reason="recently connected" wait=27m38.995715012s
INFO [05-10|16:05:06.806] Emitting is paused                       reason="recently connected" wait=27m31.986417657s
INFO [05-10|16:05:13.809] Emitting is paused                       reason="recently connected" wait=27m24.984307251s
INFO [05-10|16:05:20.811] Emitting is paused                       reason="recently connected" wait=27m17.981477479s
WARN [05-10|16:05:24.900] Served eth_protocolVersion               reqid=56 t="82.213µs" err="the method eth_protocolVersion does not exist/is not available"
WARN [05-10|16:05:24.914] Served eth_protocolVersion               reqid=66 t="39.896µs" err="the method eth_protocolVersion does not exist/is not available"
INFO [05-10|16:05:27.821] Emitting is paused                       reason="recently connected" wait=27m10.971477874s
WARN [05-10|16:05:33.061] Served eth_sendTransaction               reqid=69 t=6.979125ms err="authentication needed: password or unlock"
INFO [05-10|16:05:34.826] Emitting is paused                       reason="recently connected" wait=27m3.966480186s
INFO [05-10|16:05:41.834] Emitting is paused                       reason="recently connected" wait=26m56.958450763s
WARN [05-10|16:05:45.500] Served eth_sendTransaction               reqid=71 t=4.966071ms err="authentication needed: password or unlock"
INFO [05-10|16:05:48.835] Emitting is paused                       reason="recently connected" wait=26m49.957649918s
WARN [05-10|16:05:54.227] Served eth_sendTransaction               reqid=73 t=2.884577ms err="authentication needed: password or unlock"
INFO [05-10|16:05:55.839] Emitting is paused                       reason="recently connected" wait=26m42.953941337s
INFO [05-10|16:06:02.846] Emitting is paused                       reason="recently connected" wait=26m35.947211803s
INFO [05-10|16:06:09.851] Emitting is paused                       reason="recently connected" wait=26m28.942153204s
INFO [05-10|16:06:16.855] Emitting is paused                       reason="recently connected" wait=26m21.937776392s
INFO [05-10|16:06:23.861] Emitting is paused                       reason="recently connected" wait=26m14.931415306s
INFO [05-10|16:06:30.867] Emitting is paused                       reason="recently connected" wait=26m7.925709152s
INFO [05-10|16:06:37.879] Emitting is paused                       reason="recently connected" wait=26m0.914311376s
WARN [05-10|16:06:40.628] Served eth_sendTransaction               reqid=75 t=4.662569ms err="authentication needed: password or unlock"
INFO [05-10|16:06:44.880] Emitting is paused                       reason="recently connected" wait=25m53.913020609s
INFO [05-10|16:06:51.890] Emitting is paused                       reason="recently connected" wait=25m46.90272297s
INFO [05-10|16:06:58.899] Emitting is paused                       reason="recently connected" wait=25m39.893945985s
INFO [05-10|16:07:05.906] Emitting is paused                       reason="recently connected" wait=25m32.887132275s
INFO [05-10|16:07:12.915] Emitting is paused                       reason="recently connected" wait=25m25.878096417s
INFO [05-10|16:07:19.915] Emitting is paused                       reason="recently connected" wait=25m18.877838461s
INFO [05-10|16:07:26.922] Emitting is paused                       reason="recently connected" wait=25m11.871021767s
INFO [05-10|16:07:33.934] Emitting is paused                       reason="recently connected" wait=25m4.859314895s
INFO [05-10|16:07:40.942] Emitting is paused                       reason="recently connected" wait=24m57.851223667s
INFO [05-10|16:07:47.947] Emitting is paused                       reason="recently connected" wait=24m50.846076108s
INFO [05-10|16:07:54.947] Emitting is paused                       reason="recently connected" wait=24m43.84560486s
INFO [05-10|16:08:01.958] Emitting is paused                       reason="recently connected" wait=24m36.834391005s
INFO [05-10|16:08:08.961] Emitting is paused                       reason="recently connected" wait=24m29.831378494s
WARN [05-10|16:08:12.865] Served eth_sendTransaction               reqid=76 t=2.572049ms err="authentication needed: password or unlock"
INFO [05-10|16:08:15.971] Emitting is paused                       reason="recently connected" wait=24m22.821903139s
INFO [05-10|16:08:22.972] Emitting is paused                       reason="recently connected" wait=24m15.820678128s
INFO [05-10|16:08:29.982] Emitting is paused                       reason="recently connected" wait=24m8.810932176s
INFO [05-10|16:08:36.986] Emitting is paused                       reason="recently connected" wait=24m1.806415693s
INFO [05-10|16:08:43.997] Emitting is paused                       reason="recently connected" wait=23m54.795432662s
INFO [05-10|16:08:51.007] Emitting is paused                       reason="recently connected" wait=23m47.78595117s
INFO [05-10|16:08:58.015] Emitting is paused                       reason="recently connected" wait=23m40.777447718s
WARN [05-10|16:09:04.320] Served personal_unlockAccount            reqid=77 t="225.113µs" err="account unlock with HTTP access is forbidden"
INFO [05-10|16:09:05.021] Emitting is paused                       reason="recently connected" wait=23m33.7721848s
INFO [05-10|16:09:12.022] Emitting is paused                       reason="recently connected" wait=23m26.770444226s
INFO [05-10|16:09:19.032] Emitting is paused                       reason="recently connected" wait=23m19.760591835s
INFO [05-10|16:09:22.191] HTTP server stopped                      endpoint=127.0.0.1:18545
INFO [05-10|16:09:26.039] Emitting is paused                       reason="recently connected" wait=23m12.754209212s
WARN [05-10|16:09:26.284] Served eth_sendTransaction               reqid=79 t=2.774408ms  err="authentication needed: password or unlock"
INFO [05-10|16:09:33.048] Emitting is paused                       reason="recently connected" wait=23m5.744998958s
INFO [05-10|16:09:40.057] Emitting is paused                       reason="recently connected" wait=22m58.736210888s
INFO [05-10|16:09:47.064] Emitting is paused                       reason="recently connected" wait=22m51.728979024s
INFO [05-10|16:09:54.066] Emitting is paused                       reason="recently connected" wait=22m44.727120778s
INFO [05-10|16:10:01.067] Emitting is paused                       reason="recently connected" wait=22m37.726086914s
INFO [05-10|16:10:08.076] Emitting is paused                       reason="recently connected" wait=22m30.717116037s
WARN [05-10|16:10:11.739] Served personal_unlockAccount            reqid=80 t="157.437µs" err="account unlock with HTTP access is forbidden"
INFO [05-10|16:10:15.082] Emitting is paused                       reason="recently connected" wait=22m23.711012244s
INFO [05-10|16:10:22.089] Emitting is paused                       reason="recently connected" wait=22m16.703880083s
INFO [05-10|16:10:29.091] Emitting is paused                       reason="recently connected" wait=22m9.701659784s
INFO [05-10|16:10:36.094] Emitting is paused                       reason="recently connected" wait=22m2.698895744s
INFO [05-10|16:10:43.095] Emitting is paused                       reason="recently connected" wait=21m55.697779697s
INFO [05-10|16:10:50.101] Emitting is paused                       reason="recently connected" wait=21m48.691579638s
INFO [05-10|16:10:52.189] Got interrupt, shutting down... 
INFO [05-10|16:10:52.191] HTTP server stopped                      endpoint=127.0.0.1:18546
INFO [05-10|16:10:52.192] IPC endpoint closed                      url=/home/urick0s/projects/work/go-opera/build/d0/opera.ipc
INFO [05-10|16:10:52.192] Stopping Fantom protocol 
INFO [05-10|16:10:52.192] Fantom protocol stopped 
INFO [05-10|16:10:52.192] Looking for peers                        peercount=0 tried=0 static=1
INFO [05-10|16:10:52.192] Fantom service stopped 
INFO [05-10|16:11:07.365] Maximum peer count                       total=50
INFO [05-10|16:11:07.365] Smartcard socket not found, disabling    err="stat /run/pcscd/pcscd.comm: no such file or directory"
INFO [05-10|16:11:07.511] Genesis is already written               name=v id=13337 genesis=0x1a1de83ea5dbc0ab2e0df3b0dabf418043a561f13fcf8ef8c8b15d23e0a24cf7
INFO [05-10|16:11:08.292] Unlocked validator key                   pubkey=0xc0048d505c351f4837cec72bce6f4254f5e4bc3f2c9a4816841db64319eee8b714ef9173fbf66d039b782624713791840846b2788d4b65a425adeba85a4b57efe0cd
INFO [05-10|16:11:08.292] Loaded local transaction journal         transactions=0 dropped=0
INFO [05-10|16:11:08.292] Regenerated local transaction journal    transactions=0 accounts=0
INFO [05-10|16:11:08.292] Starting peer-to-peer node               instance=go-opera/v1.1.2-rc.3-e529a4e7-1669028682/linux-amd64/go1.18.1
INFO [05-10|16:11:08.359] New local node record                    seq=40 id=9adaf8ccb828bba3 ip=127.0.0.1 udp=5050 tcp=5050
INFO [05-10|16:11:08.359] Started P2P networking                   self=enode://895d0b946be44ed4087f86095271b662f7b7e2664b1cce34be04ad7b25de5cc6a9d5055f0e4dd8a2beb89af7e24446f111244736d2fc3e64c731eee2c0a899a6@127.0.0.1:5050
INFO [05-10|16:11:08.360] IPC endpoint opened                      url=/home/urick0s/projects/work/go-opera/build/d0/opera.ipc
INFO [05-10|16:11:08.360] EVM snapshot                             module=gossip-store at=00893f..bbb7f1 generating=false
INFO [05-10|16:11:08.360] Start/Switch to fullsync mode...         module=PM
INFO [05-10|16:11:08.372] Emitting is paused                       reason="no connections"
INFO [05-10|16:11:15.380] Emitting is paused                       reason="no connections"
INFO [05-10|16:11:22.380] Emitting is paused                       reason="no connections"
INFO [05-10|16:11:29.388] Emitting is paused                       reason="no connections"
INFO [05-10|16:11:36.389] Emitting is paused                       reason="no connections"
INFO [05-10|16:11:43.390] Emitting is paused                       reason="no connections"
INFO [05-10|16:11:50.395] Emitting is paused                       reason="no connections"
INFO [05-10|16:11:57.402] Emitting is paused                       reason="no connections"
INFO [05-10|16:12:04.403] Emitting is paused                       reason="no connections"
INFO [05-10|16:12:11.404] Emitting is paused                       reason="no connections"
INFO [05-10|16:12:18.412] Emitting is paused                       reason="recently connected" wait=27m6.795970796s
INFO [05-10|16:12:25.419] Emitting is paused                       reason="recently connected" wait=26m59.788677284s
INFO [05-10|16:12:32.429] Emitting is paused                       reason="recently connected" wait=26m52.778411562s
INFO [05-10|16:12:39.432] Emitting is paused                       reason="recently connected" wait=26m45.775479424s
INFO [05-10|16:12:46.440] Emitting is paused                       reason="recently connected" wait=26m38.767837429s
INFO [05-10|16:12:53.450] Emitting is paused                       reason="recently connected" wait=26m31.75802546s
INFO [05-10|16:13:00.450] Emitting is paused                       reason="recently connected" wait=26m24.75732253s
INFO [05-10|16:13:07.452] Emitting is paused                       reason="recently connected" wait=26m17.755303341s
INFO [05-10|16:13:14.459] Emitting is paused                       reason="recently connected" wait=26m10.748641662s
INFO [05-10|16:13:21.461] Emitting is paused                       reason="recently connected" wait=26m3.746276492s
INFO [05-10|16:13:28.469] Emitting is paused                       reason="recently connected" wait=25m56.739054072s
INFO [05-10|16:13:35.475] Emitting is paused                       reason="recently connected" wait=25m49.733060165s
INFO [05-10|16:13:42.484] Emitting is paused                       reason="recently connected" wait=25m42.723741098s
INFO [05-10|16:13:49.489] Emitting is paused                       reason="recently connected" wait=25m35.718288163s
INFO [05-10|16:13:56.491] Emitting is paused                       reason="recently connected" wait=25m28.716443602s
INFO [05-10|16:14:03.501] Emitting is paused                       reason="recently connected" wait=25m21.707095838s
WARN [05-10|16:14:04.299] Served eth_sendTransaction               reqid=21 t=14.318923ms err="execution reverted: insufficient self-stake" errdata=0x08c379a000000000000000000000000000000000000000000000000000000000000000200000000000000000000000000000000000000000000000000000000000000017696e73756666696369656e742073656c662d7374616b65000000000000000000
INFO [05-10|16:14:10.503] Emitting is paused                       reason="recently connected" wait=25m14.704943586s
WARN [05-10|16:14:15.305] Served eth_sendTransaction               reqid=22 t=13.773781ms err="execution reverted: insufficient self-stake" errdata=0x08c379a000000000000000000000000000000000000000000000000000000000000000200000000000000000000000000000000000000000000000000000000000000017696e73756666696369656e742073656c662d7374616b65000000000000000000
INFO [05-10|16:14:17.511] Emitting is paused                       reason="recently connected" wait=25m7.696447745s
WARN [05-10|16:14:18.622] Served eth_sendTransaction               reqid=23 t=10.537885ms err="execution reverted: insufficient self-stake" errdata=0x08c379a000000000000000000000000000000000000000000000000000000000000000200000000000000000000000000000000000000000000000000000000000000017696e73756666696369656e742073656c662d7374616b65000000000000000000
INFO [05-10|16:14:24.522] Emitting is paused                       reason="recently connected" wait=25m0.685235051s
INFO [05-10|16:14:31.530] Emitting is paused                       reason="recently connected" wait=24m53.67813023s
INFO [05-10|16:14:38.540] Emitting is paused                       reason="recently connected" wait=24m46.667470228s
WARN [05-10|16:14:40.935] Served eth_protocolVersion               reqid=40 t="50.119µs"  err="the method eth_protocolVersion does not exist/is not available"
WARN [05-10|16:14:40.949] Served eth_protocolVersion               reqid=50 t="49.514µs"  err="the method eth_protocolVersion does not exist/is not available"
INFO [05-10|16:14:45.550] Emitting is paused                       reason="recently connected" wait=24m39.657782219s
INFO [05-10|16:14:52.553] Emitting is paused                       reason="recently connected" wait=24m32.654254406s
INFO [05-10|16:14:59.565] Emitting is paused                       reason="recently connected" wait=24m25.64274853s
INFO [05-10|16:15:06.574] Emitting is paused                       reason="recently connected" wait=24m18.633284761s
INFO [05-10|16:15:13.579] Emitting is paused                       reason="recently connected" wait=24m11.628268819s
INFO [05-10|16:15:20.586] Emitting is paused                       reason="recently connected" wait=24m4.621222534s
INFO [05-10|16:15:27.594] Emitting is paused                       reason="recently connected" wait=23m57.614029063s
INFO [05-10|16:15:34.599] Emitting is paused                       reason="recently connected" wait=23m50.608866988s
INFO [05-10|16:15:41.604] Emitting is paused                       reason="recently connected" wait=23m43.604071608s
INFO [05-10|16:15:48.606] Emitting is paused                       reason="recently connected" wait=23m36.601302788s
INFO [05-10|16:15:55.615] Emitting is paused                       reason="recently connected" wait=23m29.592728758s
INFO [05-10|16:16:02.626] Emitting is paused                       reason="recently connected" wait=23m22.581695272s
INFO [05-10|16:16:09.629] Emitting is paused                       reason="recently connected" wait=23m15.578698838s
INFO [05-10|16:16:16.633] Emitting is paused                       reason="recently connected" wait=23m8.574862972s
INFO [05-10|16:16:23.641] Emitting is paused                       reason="recently connected" wait=23m1.56670983s
INFO [05-10|16:16:30.643] Emitting is paused                       reason="recently connected" wait=22m54.564211576s
WARN [05-10|16:16:34.617] Served eth_sendTransaction               reqid=52 t=2.25187ms   err="authentication needed: password or unlock"
INFO [05-10|16:16:37.644] Emitting is paused                       reason="recently connected" wait=22m47.563580897s
WARN [05-10|16:16:42.869] Served eth_sendTransaction               reqid=53 t=2.711058ms  err="authentication needed: password or unlock"
INFO [05-10|16:16:44.645] Emitting is paused                       reason="recently connected" wait=22m40.562981209s
INFO [05-10|16:16:51.652] Emitting is paused                       reason="recently connected" wait=22m33.555758862s
INFO [05-10|16:16:58.655] Emitting is paused                       reason="recently connected" wait=22m26.55300792s
INFO [05-10|16:17:05.660] Emitting is paused                       reason="recently connected" wait=22m19.548006973s
INFO [05-10|16:17:12.663] Emitting is paused                       reason="recently connected" wait=22m12.545086971s
INFO [05-10|16:17:19.671] Emitting is paused                       reason="recently connected" wait=22m5.536782805s
INFO [05-10|16:17:26.675] Emitting is paused                       reason="recently connected" wait=21m58.532154794s
INFO [05-10|16:17:33.682] Emitting is paused                       reason="recently connected" wait=21m51.525647321s
INFO [05-10|16:17:40.693] Emitting is paused                       reason="recently connected" wait=21m44.515020659s
WARN [05-10|16:17:47.437] Served eth_sendTransaction               reqid=56 t=2.85227ms   err="authentication needed: password or unlock"
INFO [05-10|16:17:47.698] Emitting is paused                       reason="recently connected" wait=21m37.509243964s
INFO [05-10|16:17:54.706] Emitting is paused                       reason="recently connected" wait=21m30.501851066s
INFO [05-10|16:18:01.706] Emitting is paused                       reason="recently connected" wait=21m23.501176181s
WARN [05-10|16:18:03.321] Served eth_sendTransaction               reqid=58 t="976.936µs" err="authentication needed: password or unlock"
INFO [05-10|16:18:08.712] Emitting is paused                       reason="recently connected" wait=21m16.496053409s
INFO [05-10|16:18:15.721] Emitting is paused                       reason="recently connected" wait=21m9.486329906s
INFO [05-10|16:18:22.727] Emitting is paused                       reason="recently connected" wait=21m2.480334999s
INFO [05-10|16:18:29.739] Emitting is paused                       reason="recently connected" wait=20m55.468912183s
INFO [05-10|16:18:36.741] Emitting is paused                       reason="recently connected" wait=20m48.466679931s
INFO [05-10|16:18:43.742] Emitting is paused                       reason="recently connected" wait=20m41.465418146s
INFO [05-10|16:18:50.746] Emitting is paused                       reason="recently connected" wait=20m34.461916623s
INFO [05-10|16:18:57.753] Emitting is paused                       reason="recently connected" wait=20m27.454751957s
INFO [05-10|16:19:04.754] Emitting is paused                       reason="recently connected" wait=20m20.453217589s
INFO [05-10|16:19:11.759] Emitting is paused                       reason="recently connected" wait=20m13.448178955s
INFO [05-10|16:19:18.768] Emitting is paused                       reason="recently connected" wait=20m6.439958399s
INFO [05-10|16:19:25.772] Emitting is paused                       reason="recently connected" wait=19m59.435780316s
INFO [05-10|16:19:32.781] Emitting is paused                       reason="recently connected" wait=19m52.426404425s
INFO [05-10|16:19:39.793] Emitting is paused                       reason="recently connected" wait=19m45.41474546s
INFO [05-10|16:19:46.803] Emitting is paused                       reason="recently connected" wait=19m38.405137149s
INFO [05-10|16:19:53.803] Emitting is paused                       reason="recently connected" wait=19m31.404463419s
INFO [05-10|16:20:00.806] Emitting is paused                       reason="recently connected" wait=19m24.401702772s
INFO [05-10|16:20:07.817] Emitting is paused                       reason="recently connected" wait=19m17.390837227s
WARN [05-10|16:20:12.248] Served eth_sendTransaction               reqid=61 t=2.940616ms  err="authentication needed: password or unlock"
INFO [05-10|16:20:14.827] Emitting is paused                       reason="recently connected" wait=19m10.380548382s
INFO [05-10|16:20:21.837] Emitting is paused                       reason="recently connected" wait=19m3.371020018s
INFO [05-10|16:20:28.837] Emitting is paused                       reason="recently connected" wait=18m56.370703687s
INFO [05-10|16:20:35.848] Emitting is paused                       reason="recently connected" wait=18m49.360054609s
INFO [05-10|16:20:42.851] Emitting is paused                       reason="recently connected" wait=18m42.356842955s
INFO [05-10|16:20:49.852] Emitting is paused                       reason="recently connected" wait=18m35.35587265s
INFO [05-10|16:20:56.854] Emitting is paused                       reason="recently connected" wait=18m28.353358232s
INFO [05-10|16:21:03.864] Emitting is paused                       reason="recently connected" wait=18m21.343323961s
INFO [05-10|16:21:10.871] Emitting is paused                       reason="recently connected" wait=18m14.33665096s
INFO [05-10|16:21:17.872] Emitting is paused                       reason="recently connected" wait=18m7.335539291s
INFO [05-10|16:21:24.874] Emitting is paused                       reason="recently connected" wait=18m0.333591123s
INFO [05-10|16:21:31.879] Emitting is paused                       reason="recently connected" wait=17m53.328160393s
INFO [05-10|16:21:38.889] Emitting is paused                       reason="recently connected" wait=17m46.318659266s
INFO [05-10|16:21:45.900] Emitting is paused                       reason="recently connected" wait=17m39.307156031s
INFO [05-10|16:21:52.909] Emitting is paused                       reason="recently connected" wait=17m32.299028537s
INFO [05-10|16:21:59.919] Emitting is paused                       reason="recently connected" wait=17m25.288832863s
INFO [05-10|16:22:06.923] Emitting is paused                       reason="recently connected" wait=17m18.285121578s
INFO [05-10|16:22:13.927] Emitting is paused                       reason="recently connected" wait=17m11.280195829s
INFO [05-10|16:22:20.931] Emitting is paused                       reason="recently connected" wait=17m4.277097689s
INFO [05-10|16:22:27.932] Emitting is paused                       reason="recently connected" wait=16m57.275246508s
INFO [05-10|16:22:34.941] Emitting is paused                       reason="recently connected" wait=16m50.266300317s
INFO [05-10|16:22:41.945] Emitting is paused                       reason="recently connected" wait=16m43.263048809s
INFO [05-10|16:22:48.952] Emitting is paused                       reason="recently connected" wait=16m36.255426321s
INFO [05-10|16:22:55.961] Emitting is paused                       reason="recently connected" wait=16m29.247070119s
INFO [05-10|16:23:02.965] Emitting is paused                       reason="recently connected" wait=16m22.242555922s
INFO [05-10|16:23:09.975] Emitting is paused                       reason="recently connected" wait=16m15.232770754s
INFO [05-10|16:23:16.977] Emitting is paused                       reason="recently connected" wait=16m8.230616876s
WARN [05-10|16:23:20.402] Failed account unlock attempt            address=0x239fA7623354eC26520dE878B52f13Fe84b06971 err="could not decrypt key with given password"
WARN [05-10|16:23:20.402] Served personal_unlockAccount            reqid=63 t=800.773199ms err="could not decrypt key with given password"
INFO [05-10|16:23:23.986] Emitting is paused                       reason="recently connected" wait=16m1.221808997s
INFO [05-10|16:23:30.987] Emitting is paused                       reason="recently connected" wait=15m54.220956905s
INFO [05-10|16:23:37.994] Emitting is paused                       reason="recently connected" wait=15m47.213237289s
INFO [05-10|16:23:44.999] Emitting is paused                       reason="recently connected" wait=15m40.208246505s
INFO [05-10|16:23:52.002] Emitting is paused                       reason="recently connected" wait=15m33.205645158s
INFO [05-10|16:23:59.007] Emitting is paused                       reason="recently connected" wait=15m26.200343939s
INFO [05-10|16:24:03.066] Setting new local account                address=0x239fA7623354eC26520dE878B52f13Fe84b06971
INFO [05-10|16:24:03.067] Submitted transaction                    hash=0x29bbcdeeb10ef17e66f11faf318924fc9219b9307537f6286b2bb64fb197981f from=0x239fA7623354eC26520dE878B52f13Fe84b06971 nonce=0 recipient=0x239fA7623354eC26520dE878B52f13Fe84b06971 value=1500
INFO [05-10|16:24:06.014] Emitting is paused                       reason="recently connected" wait=15m19.19334278s
INFO [05-10|16:24:13.019] Emitting is paused                       reason="recently connected" wait=15m12.18876804s
INFO [05-10|16:24:20.020] Emitting is paused                       reason="recently connected" wait=15m5.187827375s
INFO [05-10|16:24:27.024] Emitting is paused                       reason="recently connected" wait=14m58.183187043s
INFO [05-10|16:24:34.031] Emitting is paused                       reason="recently connected" wait=14m51.176431475s
INFO [05-10|16:24:41.032] Emitting is paused                       reason="recently connected" wait=14m44.175166841s
INFO [05-10|16:24:48.042] Emitting is paused                       reason="recently connected" wait=14m37.165506756s
INFO [05-10|16:24:55.053] Emitting is paused                       reason="recently connected" wait=14m30.154725445s
INFO [05-10|16:25:02.054] Emitting is paused                       reason="recently connected" wait=14m23.154122968s
INFO [05-10|16:25:09.059] Emitting is paused                       reason="recently connected" wait=14m16.148907688s
INFO [05-10|16:25:16.068] Emitting is paused                       reason="recently connected" wait=14m9.139199483s
INFO [05-10|16:25:23.076] Emitting is paused                       reason="recently connected" wait=14m2.131303385s
INFO [05-10|16:25:30.083] Emitting is paused                       reason="recently connected" wait=13m55.124934444s
INFO [05-10|16:25:37.093] Emitting is paused                       reason="recently connected" wait=13m48.114586917s
INFO [05-10|16:25:44.103] Emitting is paused                       reason="recently connected" wait=13m41.10434679s
INFO [05-10|16:25:51.106] Emitting is paused                       reason="recently connected" wait=13m34.101847326s
INFO [05-10|16:25:58.109] Emitting is paused                       reason="recently connected" wait=13m27.099119698s
INFO [05-10|16:26:05.113] Emitting is paused                       reason="recently connected" wait=13m20.094834294s
INFO [05-10|16:26:12.118] Emitting is paused                       reason="recently connected" wait=13m13.089877769s
INFO [05-10|16:26:19.126] Emitting is paused                       reason="recently connected" wait=13m6.081286702s
INFO [05-10|16:26:26.132] Emitting is paused                       reason="recently connected" wait=12m59.075612712s
INFO [05-10|16:26:33.133] Emitting is paused                       reason="recently connected" wait=12m52.074876606s
INFO [05-10|16:26:40.141] Emitting is paused                       reason="recently connected" wait=12m45.06619889s
INFO [05-10|16:26:47.150] Emitting is paused                       reason="recently connected" wait=12m38.057338029s
INFO [05-10|16:26:54.159] Emitting is paused                       reason="recently connected" wait=12m31.048869616s
INFO [05-10|16:27:01.160] Emitting is paused                       reason="recently connected" wait=12m24.047938664s
INFO [05-10|16:27:08.162] Emitting is paused                       reason="recently connected" wait=12m17.04567389s
INFO [05-10|16:27:15.172] Emitting is paused                       reason="recently connected" wait=12m10.035167783s
INFO [05-10|16:27:22.174] Emitting is paused                       reason="recently connected" wait=12m3.034098422s
INFO [05-10|16:27:29.177] Emitting is paused                       reason="recently connected" wait=11m56.030274382s
INFO [05-10|16:27:36.188] Emitting is paused                       reason="recently connected" wait=11m49.019201178s
INFO [05-10|16:27:43.190] Emitting is paused                       reason="recently connected" wait=11m42.017252439s
INFO [05-10|16:27:50.201] Emitting is paused                       reason="recently connected" wait=11m35.006968779s
INFO [05-10|16:27:57.207] Emitting is paused                       reason="recently connected" wait=11m28.000415723s
INFO [05-10|16:28:04.208] Emitting is paused                       reason="recently connected" wait=11m20.999177804s
INFO [05-10|16:28:11.219] Emitting is paused                       reason="recently connected" wait=11m13.988603982s
INFO [05-10|16:28:18.221] Emitting is paused                       reason="recently connected" wait=11m6.986311389s
INFO [05-10|16:28:25.232] Emitting is paused                       reason="recently connected" wait=10m59.975491977s
INFO [05-10|16:28:32.237] Emitting is paused                       reason="recently connected" wait=10m52.970778636s
INFO [05-10|16:28:39.239] Emitting is paused                       reason="recently connected" wait=10m45.968587347s
INFO [05-10|16:28:46.240] Emitting is paused                       reason="recently connected" wait=10m38.96752345s
INFO [05-10|16:28:53.251] Emitting is paused                       reason="recently connected" wait=10m31.956481521s
INFO [05-10|16:29:00.258] Emitting is paused                       reason="recently connected" wait=10m24.949783545s
INFO [05-10|16:29:07.260] Emitting is paused                       reason="recently connected" wait=10m17.94733909s
INFO [05-10|16:29:14.261] Emitting is paused                       reason="recently connected" wait=10m10.946177328s
INFO [05-10|16:29:21.272] Emitting is paused                       reason="recently connected" wait=10m3.935514764s
INFO [05-10|16:29:28.282] Emitting is paused                       reason="recently connected" wait=9m56.92559798s
INFO [05-10|16:29:35.283] Emitting is paused                       reason="recently connected" wait=9m49.924304353s
INFO [05-10|16:29:42.293] Emitting is paused                       reason="recently connected" wait=9m42.914574662s
INFO [05-10|16:29:49.295] Emitting is paused                       reason="recently connected" wait=9m35.912587363s
INFO [05-10|16:29:56.298] Emitting is paused                       reason="recently connected" wait=9m28.909952965s
INFO [05-10|16:30:03.308] Emitting is paused                       reason="recently connected" wait=9m21.900086054s
INFO [05-10|16:30:10.314] Emitting is paused                       reason="recently connected" wait=9m14.893180709s
INFO [05-10|16:30:17.324] Emitting is paused                       reason="recently connected" wait=9m7.883562019s
INFO [05-10|16:30:24.328] Emitting is paused                       reason="recently connected" wait=9m0.879615385s
INFO [05-10|16:30:31.329] Emitting is paused                       reason="recently connected" wait=8m53.878522677s
INFO [05-10|16:30:38.337] Emitting is paused                       reason="recently connected" wait=8m46.870434629s
INFO [05-10|16:30:45.340] Emitting is paused                       reason="recently connected" wait=8m39.867581251s
INFO [05-10|16:30:52.351] Emitting is paused                       reason="recently connected" wait=8m32.856956913s
INFO [05-10|16:30:59.362] Emitting is paused                       reason="recently connected" wait=8m25.84523553s
INFO [05-10|16:31:06.366] Emitting is paused                       reason="recently connected" wait=8m18.841277221s
INFO [05-10|16:31:13.369] Emitting is paused                       reason="recently connected" wait=8m11.838241114s
INFO [05-10|16:31:20.374] Emitting is paused                       reason="recently connected" wait=8m4.833164808s
INFO [05-10|16:31:27.375] Emitting is paused                       reason="recently connected" wait=7m57.832421028s
INFO [05-10|16:31:34.388] Emitting is paused                       reason="recently connected" wait=7m50.819938261s
INFO [05-10|16:31:41.393] Emitting is paused                       reason="recently connected" wait=7m43.814239123s
INFO [05-10|16:31:48.404] Emitting is paused                       reason="recently connected" wait=7m36.803725959s
INFO [05-10|16:31:55.406] Emitting is paused                       reason="recently connected" wait=7m29.801226926s
INFO [05-10|16:32:02.408] Emitting is paused                       reason="recently connected" wait=7m22.800033123s
INFO [05-10|16:32:09.408] Emitting is paused                       reason="recently connected" wait=7m15.799389856s
INFO [05-10|16:32:16.417] Emitting is paused                       reason="recently connected" wait=7m8.790739871s
INFO [05-10|16:32:23.422] Emitting is paused                       reason="recently connected" wait=7m1.785916669s
INFO [05-10|16:32:30.427] Emitting is paused                       reason="recently connected" wait=6m54.780842494s
INFO [05-10|16:32:37.435] Emitting is paused                       reason="recently connected" wait=6m47.772231283s
INFO [05-10|16:32:44.437] Emitting is paused                       reason="recently connected" wait=6m40.770704836s
INFO [05-10|16:32:51.444] Emitting is paused                       reason="recently connected" wait=6m33.763746558s
INFO [05-10|16:32:58.455] Emitting is paused                       reason="recently connected" wait=6m26.752424186s
INFO [05-10|16:33:05.462] Emitting is paused                       reason="recently connected" wait=6m19.745813038s
INFO [05-10|16:33:12.463] Emitting is paused                       reason="recently connected" wait=6m12.744292152s
INFO [05-10|16:33:19.471] Emitting is paused                       reason="recently connected" wait=6m5.736748078s
INFO [05-10|16:33:26.474] Emitting is paused                       reason="recently connected" wait=5m58.733319593s
INFO [05-10|16:33:33.477] Emitting is paused                       reason="recently connected" wait=5m51.730649302s
INFO [05-10|16:33:40.482] Emitting is paused                       reason="recently connected" wait=5m44.725579089s
INFO [05-10|16:33:47.482] Emitting is paused                       reason="recently connected" wait=5m37.725195486s
INFO [05-10|16:33:54.490] Emitting is paused                       reason="recently connected" wait=5m30.717715641s
INFO [05-10|16:34:01.491] Emitting is paused                       reason="recently connected" wait=5m23.716746619s
INFO [05-10|16:34:08.493] Emitting is paused                       reason="recently connected" wait=5m16.715024478s
INFO [05-10|16:34:15.494] Emitting is paused                       reason="recently connected" wait=5m9.713160755s
INFO [05-10|16:34:22.497] Emitting is paused                       reason="recently connected" wait=5m2.710322648s
INFO [05-10|16:34:29.504] Emitting is paused                       reason="recently connected" wait=4m55.703314749s
INFO [05-10|16:34:36.506] Emitting is paused                       reason="recently connected" wait=4m48.701715675s
INFO [05-10|16:34:43.514] Emitting is paused                       reason="recently connected" wait=4m41.693846989s
INFO [05-10|16:34:50.515] Emitting is paused                       reason="recently connected" wait=4m34.692812304s
INFO [05-10|16:34:57.522] Emitting is paused                       reason="recently connected" wait=4m27.685412059s
INFO [05-10|16:35:04.523] Emitting is paused                       reason="recently connected" wait=4m20.685125043s
INFO [05-10|16:35:11.529] Emitting is paused                       reason="recently connected" wait=4m13.67874785s
INFO [05-10|16:35:18.530] Emitting is paused                       reason="recently connected" wait=4m6.677348748s
INFO [05-10|16:35:25.539] Emitting is paused                       reason="recently connected" wait=3m59.669122782s
INFO [05-10|16:35:32.543] Emitting is paused                       reason="recently connected" wait=3m52.664824393s
INFO [05-10|16:35:39.549] Emitting is paused                       reason="recently connected" wait=3m45.658234683s
INFO [05-10|16:35:46.554] Emitting is paused                       reason="recently connected" wait=3m38.653976631s
INFO [05-10|16:35:53.562] Emitting is paused                       reason="recently connected" wait=3m31.646025972s
INFO [05-10|16:36:00.573] Emitting is paused                       reason="recently connected" wait=3m24.634657469s
INFO [05-10|16:36:07.583] Emitting is paused                       reason="recently connected" wait=3m17.62512181s
INFO [05-10|16:36:14.590] Emitting is paused                       reason="recently connected" wait=3m10.617798061s
INFO [05-10|16:36:21.595] Emitting is paused                       reason="recently connected" wait=3m3.612258146s
INFO [05-10|16:36:28.604] Emitting is paused                       reason="recently connected" wait=2m56.603918255s
INFO [05-10|16:36:35.614] Emitting is paused                       reason="recently connected" wait=2m49.593889387s
INFO [05-10|16:36:42.616] Emitting is paused                       reason="recently connected" wait=2m42.591717316s
INFO [05-10|16:36:49.619] Emitting is paused                       reason="recently connected" wait=2m35.588950509s
INFO [05-10|16:36:56.624] Emitting is paused                       reason="recently connected" wait=2m28.583337378s
INFO [05-10|16:37:03.625] Emitting is paused                       reason="recently connected" wait=2m21.582880977s
INFO [05-10|16:37:10.636] Emitting is paused                       reason="recently connected" wait=2m14.571289066s
INFO [05-10|16:37:17.644] Emitting is paused                       reason="recently connected" wait=2m7.563576935s
INFO [05-10|16:37:24.645] Emitting is paused                       reason="recently connected" wait=2m0.56240243s
INFO [05-10|16:37:31.653] Emitting is paused                       reason="recently connected" wait=1m53.554200753s
INFO [05-10|16:37:38.657] Emitting is paused                       reason="recently connected" wait=1m46.551062811s
INFO [05-10|16:37:45.668] Emitting is paused                       reason="recently connected" wait=1m39.54009983s
INFO [05-10|16:37:52.673] Emitting is paused                       reason="recently connected" wait=1m32.534249192s
INFO [05-10|16:37:59.679] Emitting is paused                       reason="recently connected" wait=1m25.528528223s
INFO [05-10|16:38:06.680] Emitting is paused                       reason="recently connected" wait=1m18.52810856s
INFO [05-10|16:38:13.689] Emitting is paused                       reason="recently connected" wait=1m11.518910238s
INFO [05-10|16:38:20.691] Emitting is paused                       reason="recently connected" wait=1m4.516931309s
INFO [05-10|16:38:27.699] Emitting is paused                       reason="recently connected" wait=57.508173275s
INFO [05-10|16:38:34.708] Emitting is paused                       reason="recently connected" wait=50.499719518s
INFO [05-10|16:38:41.714] Emitting is paused                       reason="recently connected" wait=43.493763113s
INFO [05-10|16:38:48.722] Emitting is paused                       reason="recently connected" wait=36.485723735s
INFO [05-10|16:38:55.728] Emitting is paused                       reason="recently connected" wait=29.479506993s
INFO [05-10|16:39:02.734] Emitting is paused                       reason="recently connected" wait=22.473405773s
INFO [05-10|16:39:09.743] Emitting is paused                       reason="recently connected" wait=15.465051308s
INFO [05-10|16:39:16.753] Emitting is paused                       reason="recently connected" wait=8.454317631s
INFO [05-10|16:39:23.761] Emitting is paused                       reason="recently connected" wait=1.44645739s
CRIT [05-10|16:39:25.221] Failed to encode rlp                     module=rlp          err="serialization of events with epoch<256 and version=0 is unsupported"
